<?xml version="1.0" encoding="UTF-8"?>
<!-- Generated by org.testng.reporters.JUnitXMLReporter -->
<testsuite ignored="0" hostname="LAPTOP-7SBV18FK" failures="0" tests="4" name="Default test" time="0.075" errors="0" timestamp="2021-03-23T12:46:41 EDT">
  <testcase classname="Demo.TestNgGroup" name="Test1" time="0.01"/>
  <testcase classname="Demo.TestNgGroup" name="Test2" time="0.002"/>
  <testcase classname="Demo.TestNgGroup" name="Test3" time="0.002"/>
  <testcase classname="Demo.TestNgGroup" name="Test4" time="0.001"/>
</testsuite> <!-- Default test -->
