<?xml version="1.0" encoding="UTF-8"?>
<!-- Generated by org.testng.reporters.JUnitXMLReporter -->
<testsuite ignored="3" hostname="LAPTOP-7SBV18FK" failures="0" tests="1" name="Test" time="0.063" errors="0" timestamp="2021-03-23T12:59:49 EDT">
  <testcase classname="Demo.TestNgGroup" name="Test1" time="0.011"/>
  <testcase classname="Demo.TestNgGroup" name="Test4" time="0.0">
    <ignored/>
  </testcase> <!-- Test4 -->
  <testcase classname="Demo.TestNgGroup" name="Test3" time="0.0">
    <ignored/>
  </testcase> <!-- Test3 -->
  <testcase classname="Demo.TestNgGroup" name="Test2" time="0.0">
    <ignored/>
  </testcase> <!-- Test2 -->
</testsuite> <!-- Test -->
